# JRE version: OpenJDK Runtime Environment Temurin-21.0.7+6 (21.0.7+6) (build 21.0.7+6-LTS)
# Java VM: OpenJDK 64-Bit Server VM Temurin-21.0.7+6 (21.0.7+6-LTS, mixed mode, sharing, tiered, compressed oops, compressed class ptrs, parallel gc, windows-amd64)
GC Precious Log:
 CardTable entry size: 512
 CPUs: 8 total, 8 available
 Memory: 24315M
 Large Page Support: Disabled
 NUMA Support: Disabled
 Compressed Oops: Enabled (32-bit)
 Alignments: Space 512K, Generation 512K, Heap 2M
 Heap Min Capacity: 100M
 Heap Initial Capacity: 100M
 Heap Max Capacity: 1G
 Pre-touch: Disabled
 Parallel Workers: 8
Heap:
 PSYoungGen      total 21504K, used 18251K [0x00000000eab00000, 0x00000000ec980000, 0x0000000100000000)
  eden space 19456K, 83% used [0x00000000eab00000,0x00000000ebadae80,0x00000000ebe00000)
  from space 2048K, 98% used [0x00000000ec280000,0x00000000ec478010,0x00000000ec480000)
  to   space 4608K, 0% used [0x00000000ebe00000,0x00000000ebe00000,0x00000000ec280000)
 ParOldGen       total 68608K, used 25046K [0x00000000c0000000, 0x00000000c4300000, 0x00000000eab00000)
  object space 68608K, 36% used [0x00000000c0000000,0x00000000c1875a18,0x00000000c4300000)
 Metaspace       used 39565K, committed 40704K, reserved 1114112K
  class space    used 4081K, committed 4608K, reserved 1048576K
GC Heap History (20 events):
Event: 4.707 GC heap before
{Heap before GC invocations=10 (full 1):
 PSYoungGen      total 25600K, used 25281K [0x00000000eab00000, 0x00000000ec980000, 0x0000000100000000)
  eden space 24064K, 100% used [0x00000000eab00000,0x00000000ec280000,0x00000000ec280000)
  from space 1536K, 79% used [0x00000000ec800000,0x00000000ec930488,0x00000000ec980000)
  to   space 2560K, 0% used [0x00000000ec480000,0x00000000ec480000,0x00000000ec700000)
 ParOldGen       total 68608K, used 12746K [0x00000000c0000000, 0x00000000c4300000, 0x00000000eab00000)
  object space 68608K, 18% used [0x00000000c0000000,0x00000000c0c72a48,0x00000000c4300000)
 Metaspace       used 25993K, committed 26880K, reserved 1114112K
  class space    used 2496K, committed 2880K, reserved 1048576K
}
Event: 4.709 GC heap after
{Heap after GC invocations=10 (full 1):
 PSYoungGen      total 26112K, used 776K [0x00000000eab00000, 0x00000000ec880000, 0x0000000100000000)
  eden space 23552K, 0% used [0x00000000eab00000,0x00000000eab00000,0x00000000ec200000)
  from space 2560K, 30% used [0x00000000ec480000,0x00000000ec542170,0x00000000ec700000)
  to   space 1536K, 0% used [0x00000000ec700000,0x00000000ec700000,0x00000000ec880000)
 ParOldGen       total 68608K, used 12754K [0x00000000c0000000, 0x00000000c4300000, 0x00000000eab00000)
  object space 68608K, 18% used [0x00000000c0000000,0x00000000c0c74a48,0x00000000c4300000)
 Metaspace       used 25993K, committed 26880K, reserved 1114112K
  class space    used 2496K, committed 2880K, reserved 1048576K
}
Event: 4.946 GC heap before
{Heap before GC invocations=11 (full 1):
 PSYoungGen      total 26112K, used 24328K [0x00000000eab00000, 0x00000000ec880000, 0x0000000100000000)
  eden space 23552K, 100% used [0x00000000eab00000,0x00000000ec200000,0x00000000ec200000)
  from space 2560K, 30% used [0x00000000ec480000,0x00000000ec542170,0x00000000ec700000)
  to   space 1536K, 0% used [0x00000000ec700000,0x00000000ec700000,0x00000000ec880000)
 ParOldGen       total 68608K, used 12754K [0x00000000c0000000, 0x00000000c4300000, 0x00000000eab00000)
  object space 68608K, 18% used [0x00000000c0000000,0x00000000c0c74a48,0x00000000c4300000)
 Metaspace       used 27701K, committed 28672K, reserved 1114112K
  class space    used 2620K, committed 3072K, reserved 1048576K
}
Event: 4.948 GC heap after
{Heap after GC invocations=11 (full 1):
 PSYoungGen      total 24576K, used 1527K [0x00000000eab00000, 0x00000000ec880000, 0x0000000100000000)
  eden space 23040K, 0% used [0x00000000eab00000,0x00000000eab00000,0x00000000ec180000)
  from space 1536K, 99% used [0x00000000ec700000,0x00000000ec87de70,0x00000000ec880000)
  to   space 3584K, 0% used [0x00000000ec180000,0x00000000ec180000,0x00000000ec500000)
 ParOldGen       total 68608K, used 14045K [0x00000000c0000000, 0x00000000c4300000, 0x00000000eab00000)
  object space 68608K, 20% used [0x00000000c0000000,0x00000000c0db7480,0x00000000c4300000)
 Metaspace       used 27701K, committed 28672K, reserved 1114112K
  class space    used 2620K, committed 3072K, reserved 1048576K
}
Event: 5.251 GC heap before
{Heap before GC invocations=12 (full 1):
 PSYoungGen      total 24576K, used 24552K [0x00000000eab00000, 0x00000000ec880000, 0x0000000100000000)
  eden space 23040K, 99% used [0x00000000eab00000,0x00000000ec17c478,0x00000000ec180000)
  from space 1536K, 99% used [0x00000000ec700000,0x00000000ec87de70,0x00000000ec880000)
  to   space 3584K, 0% used [0x00000000ec180000,0x00000000ec180000,0x00000000ec500000)
 ParOldGen       total 68608K, used 14045K [0x00000000c0000000, 0x00000000c4300000, 0x00000000eab00000)
  object space 68608K, 20% used [0x00000000c0000000,0x00000000c0db7480,0x00000000c4300000)
 Metaspace       used 30873K, committed 31872K, reserved 1114112K
  class space    used 2957K, committed 3392K, reserved 1048576K
}
Event: 5.253 GC heap after
{Heap after GC invocations=12 (full 1):
 PSYoungGen      total 26112K, used 2065K [0x00000000eab00000, 0x00000000ec780000, 0x0000000100000000)
  eden space 22528K, 0% used [0x00000000eab00000,0x00000000eab00000,0x00000000ec100000)
  from space 3584K, 57% used [0x00000000ec180000,0x00000000ec384778,0x00000000ec500000)
  to   space 2560K, 0% used [0x00000000ec500000,0x00000000ec500000,0x00000000ec780000)
 ParOldGen       total 68608K, used 15430K [0x00000000c0000000, 0x00000000c4300000, 0x00000000eab00000)
  object space 68608K, 22% used [0x00000000c0000000,0x00000000c0f11b30,0x00000000c4300000)
 Metaspace       used 30873K, committed 31872K, reserved 1114112K
  class space    used 2957K, committed 3392K, reserved 1048576K
}
Event: 5.460 GC heap before
{Heap before GC invocations=13 (full 1):
 PSYoungGen      total 26112K, used 24593K [0x00000000eab00000, 0x00000000ec780000, 0x0000000100000000)
  eden space 22528K, 99% used [0x00000000eab00000,0x00000000ec0ffff0,0x00000000ec100000)
  from space 3584K, 57% used [0x00000000ec180000,0x00000000ec384778,0x00000000ec500000)
  to   space 2560K, 0% used [0x00000000ec500000,0x00000000ec500000,0x00000000ec780000)
 ParOldGen       total 68608K, used 15430K [0x00000000c0000000, 0x00000000c4300000, 0x00000000eab00000)
  object space 68608K, 22% used [0x00000000c0000000,0x00000000c0f11b30,0x00000000c4300000)
 Metaspace       used 33837K, committed 35008K, reserved 1114112K
  class space    used 3355K, committed 3904K, reserved 1048576K
}
Event: 5.463 GC heap after
{Heap after GC invocations=13 (full 1):
 PSYoungGen      total 23552K, used 1308K [0x00000000eab00000, 0x00000000ec680000, 0x0000000100000000)
  eden space 22016K, 0% used [0x00000000eab00000,0x00000000eab00000,0x00000000ec080000)
  from space 1536K, 85% used [0x00000000ec500000,0x00000000ec6473b8,0x00000000ec680000)
  to   space 2048K, 0% used [0x00000000ec280000,0x00000000ec280000,0x00000000ec480000)
 ParOldGen       total 68608K, used 17183K [0x00000000c0000000, 0x00000000c4300000, 0x00000000eab00000)
  object space 68608K, 25% used [0x00000000c0000000,0x00000000c10c7cc8,0x00000000c4300000)
 Metaspace       used 33837K, committed 35008K, reserved 1114112K
  class space    used 3355K, committed 3904K, reserved 1048576K
}
Event: 5.505 GC heap before
{Heap before GC invocations=14 (full 1):
 PSYoungGen      total 23552K, used 7212K [0x00000000eab00000, 0x00000000ec680000, 0x0000000100000000)
  eden space 22016K, 26% used [0x00000000eab00000,0x00000000eb0c3d68,0x00000000ec080000)
  from space 1536K, 85% used [0x00000000ec500000,0x00000000ec6473b8,0x00000000ec680000)
  to   space 2048K, 0% used [0x00000000ec280000,0x00000000ec280000,0x00000000ec480000)
 ParOldGen       total 68608K, used 17183K [0x00000000c0000000, 0x00000000c4300000, 0x00000000eab00000)
  object space 68608K, 25% used [0x00000000c0000000,0x00000000c10c7cc8,0x00000000c4300000)
 Metaspace       used 34770K, committed 35840K, reserved 1114112K
  class space    used 3455K, committed 3968K, reserved 1048576K
}
Event: 5.507 GC heap after
{Heap after GC invocations=14 (full 1):
 PSYoungGen      total 24064K, used 320K [0x00000000eab00000, 0x00000000ec580000, 0x0000000100000000)
  eden space 22016K, 0% used [0x00000000eab00000,0x00000000eab00000,0x00000000ec080000)
  from space 2048K, 15% used [0x00000000ec280000,0x00000000ec2d0000,0x00000000ec480000)
  to   space 1024K, 0% used [0x00000000ec480000,0x00000000ec480000,0x00000000ec580000)
 ParOldGen       total 68608K, used 18313K [0x00000000c0000000, 0x00000000c4300000, 0x00000000eab00000)
  object space 68608K, 26% used [0x00000000c0000000,0x00000000c11e2478,0x00000000c4300000)
 Metaspace       used 34770K, committed 35840K, reserved 1114112K
  class space    used 3455K, committed 3968K, reserved 1048576K
}
Event: 5.507 GC heap before
{Heap before GC invocations=15 (full 2):
 PSYoungGen      total 24064K, used 320K [0x00000000eab00000, 0x00000000ec580000, 0x0000000100000000)
  eden space 22016K, 0% used [0x00000000eab00000,0x00000000eab00000,0x00000000ec080000)
  from space 2048K, 15% used [0x00000000ec280000,0x00000000ec2d0000,0x00000000ec480000)
  to   space 1024K, 0% used [0x00000000ec480000,0x00000000ec480000,0x00000000ec580000)
 ParOldGen       total 68608K, used 18313K [0x00000000c0000000, 0x00000000c4300000, 0x00000000eab00000)
  object space 68608K, 26% used [0x00000000c0000000,0x00000000c11e2478,0x00000000c4300000)
 Metaspace       used 34770K, committed 35840K, reserved 1114112K
  class space    used 3455K, committed 3968K, reserved 1048576K
}
Event: 5.542 GC heap after
{Heap after GC invocations=15 (full 2):
 PSYoungGen      total 24064K, used 0K [0x00000000eab00000, 0x00000000ec580000, 0x0000000100000000)
  eden space 22016K, 0% used [0x00000000eab00000,0x00000000eab00000,0x00000000ec080000)
  from space 2048K, 0% used [0x00000000ec280000,0x00000000ec280000,0x00000000ec480000)
  to   space 1024K, 0% used [0x00000000ec480000,0x00000000ec480000,0x00000000ec580000)
 ParOldGen       total 68608K, used 17857K [0x00000000c0000000, 0x00000000c4300000, 0x00000000eab00000)
  object space 68608K, 26% used [0x00000000c0000000,0x00000000c11707d0,0x00000000c4300000)
 Metaspace       used 34767K, committed 35840K, reserved 1114112K
  class space    used 3454K, committed 3968K, reserved 1048576K
}
Event: 5.749 GC heap before
{Heap before GC invocations=16 (full 2):
 PSYoungGen      total 24064K, used 22016K [0x00000000eab00000, 0x00000000ec580000, 0x0000000100000000)
  eden space 22016K, 100% used [0x00000000eab00000,0x00000000ec080000,0x00000000ec080000)
  from space 2048K, 0% used [0x00000000ec280000,0x00000000ec280000,0x00000000ec480000)
  to   space 1024K, 0% used [0x00000000ec480000,0x00000000ec480000,0x00000000ec580000)
 ParOldGen       total 68608K, used 17857K [0x00000000c0000000, 0x00000000c4300000, 0x00000000eab00000)
  object space 68608K, 26% used [0x00000000c0000000,0x00000000c11707d0,0x00000000c4300000)
 Metaspace       used 36946K, committed 38080K, reserved 1114112K
  class space    used 3757K, committed 4224K, reserved 1048576K
}
Event: 5.751 GC heap after
{Heap after GC invocations=16 (full 2):
 PSYoungGen      total 23040K, used 1008K [0x00000000eab00000, 0x00000000ec580000, 0x0000000100000000)
  eden space 22016K, 0% used [0x00000000eab00000,0x00000000eab00000,0x00000000ec080000)
  from space 1024K, 98% used [0x00000000ec480000,0x00000000ec57c010,0x00000000ec580000)
  to   space 2560K, 0% used [0x00000000ec080000,0x00000000ec080000,0x00000000ec300000)
 ParOldGen       total 68608K, used 18985K [0x00000000c0000000, 0x00000000c4300000, 0x00000000eab00000)
  object space 68608K, 27% used [0x00000000c0000000,0x00000000c128a7d0,0x00000000c4300000)
 Metaspace       used 36946K, committed 38080K, reserved 1114112K
  class space    used 3757K, committed 4224K, reserved 1048576K
}
Event: 5.873 GC heap before
{Heap before GC invocations=17 (full 2):
 PSYoungGen      total 23040K, used 23024K [0x00000000eab00000, 0x00000000ec580000, 0x0000000100000000)
  eden space 22016K, 100% used [0x00000000eab00000,0x00000000ec080000,0x00000000ec080000)
  from space 1024K, 98% used [0x00000000ec480000,0x00000000ec57c010,0x00000000ec580000)
  to   space 2560K, 0% used [0x00000000ec080000,0x00000000ec080000,0x00000000ec300000)
 ParOldGen       total 68608K, used 18985K [0x00000000c0000000, 0x00000000c4300000, 0x00000000eab00000)
  object space 68608K, 27% used [0x00000000c0000000,0x00000000c128a7d0,0x00000000c4300000)
 Metaspace       used 37959K, committed 39040K, reserved 1114112K
  class space    used 3869K, committed 4352K, reserved 1048576K
}
Event: 5.876 GC heap after
{Heap after GC invocations=17 (full 2):
 PSYoungGen      total 24576K, used 1808K [0x00000000eab00000, 0x00000000ec500000, 0x0000000100000000)
  eden space 22016K, 0% used [0x00000000eab00000,0x00000000eab00000,0x00000000ec080000)
  from space 2560K, 70% used [0x00000000ec080000,0x00000000ec244040,0x00000000ec300000)
  to   space 2048K, 0% used [0x00000000ec300000,0x00000000ec300000,0x00000000ec500000)
 ParOldGen       total 68608K, used 19945K [0x00000000c0000000, 0x00000000c4300000, 0x00000000eab00000)
  object space 68608K, 29% used [0x00000000c0000000,0x00000000c137a7e0,0x00000000c4300000)
 Metaspace       used 37959K, committed 39040K, reserved 1114112K
  class space    used 3869K, committed 4352K, reserved 1048576K
}
Event: 5.945 GC heap before
{Heap before GC invocations=18 (full 2):
 PSYoungGen      total 24576K, used 23824K [0x00000000eab00000, 0x00000000ec500000, 0x0000000100000000)
  eden space 22016K, 100% used [0x00000000eab00000,0x00000000ec080000,0x00000000ec080000)
  from space 2560K, 70% used [0x00000000ec080000,0x00000000ec244040,0x00000000ec300000)
  to   space 2048K, 0% used [0x00000000ec300000,0x00000000ec300000,0x00000000ec500000)
 ParOldGen       total 68608K, used 19945K [0x00000000c0000000, 0x00000000c4300000, 0x00000000eab00000)
  object space 68608K, 29% used [0x00000000c0000000,0x00000000c137a7e0,0x00000000c4300000)
 Metaspace       used 38271K, committed 39296K, reserved 1114112K
  class space    used 3911K, committed 4352K, reserved 1048576K
}
Event: 5.947 GC heap after
{Heap after GC invocations=18 (full 2):
 PSYoungGen      total 24064K, used 2029K [0x00000000eab00000, 0x00000000ec580000, 0x0000000100000000)
  eden space 22016K, 0% used [0x00000000eab00000,0x00000000eab00000,0x00000000ec080000)
  from space 2048K, 99% used [0x00000000ec300000,0x00000000ec4fb680,0x00000000ec500000)
  to   space 2560K, 0% used [0x00000000ec080000,0x00000000ec080000,0x00000000ec300000)
 ParOldGen       total 68608K, used 21466K [0x00000000c0000000, 0x00000000c4300000, 0x00000000eab00000)
  object space 68608K, 31% used [0x00000000c0000000,0x00000000c14f6810,0x00000000c4300000)
 Metaspace       used 38271K, committed 39296K, reserved 1114112K
  class space    used 3911K, committed 4352K, reserved 1048576K
}
Event: 6.073 GC heap before
{Heap before GC invocations=19 (full 2):
 PSYoungGen      total 24064K, used 24045K [0x00000000eab00000, 0x00000000ec580000, 0x0000000100000000)
  eden space 22016K, 100% used [0x00000000eab00000,0x00000000ec080000,0x00000000ec080000)
  from space 2048K, 99% used [0x00000000ec300000,0x00000000ec4fb680,0x00000000ec500000)
  to   space 2560K, 0% used [0x00000000ec080000,0x00000000ec080000,0x00000000ec300000)
 ParOldGen       total 68608K, used 21466K [0x00000000c0000000, 0x00000000c4300000, 0x00000000eab00000)
  object space 68608K, 31% used [0x00000000c0000000,0x00000000c14f6810,0x00000000c4300000)
 Metaspace       used 39317K, committed 40448K, reserved 1114112K
  class space    used 4051K, committed 4544K, reserved 1048576K
}
Event: 6.076 GC heap after
{Heap after GC invocations=19 (full 2):
 PSYoungGen      total 24064K, used 1826K [0x00000000eab00000, 0x00000000ec480000, 0x0000000100000000)
  eden space 22016K, 0% used [0x00000000eab00000,0x00000000eab00000,0x00000000ec080000)
  from space 2048K, 89% used [0x00000000ec080000,0x00000000ec248810,0x00000000ec280000)
  to   space 2048K, 0% used [0x00000000ec280000,0x00000000ec280000,0x00000000ec480000)
 ParOldGen       total 68608K, used 23266K [0x00000000c0000000, 0x00000000c4300000, 0x00000000eab00000)
  object space 68608K, 33% used [0x00000000c0000000,0x00000000c16b8820,0x00000000c4300000)
 Metaspace       used 39317K, committed 40448K, reserved 1114112K
  class space    used 4051K, committed 4544K, reserved 1048576K
}

