# JRE version: OpenJDK Runtime Environment Temurin-21.0.7+6 (21.0.7+6) (build 21.0.7+6-LTS)
# Java VM: OpenJDK 64-Bit Server VM Temurin-21.0.7+6 (21.0.7+6-LTS, mixed mode, sharing, tiered, compressed oops, compressed class ptrs, parallel gc, windows-amd64)
GC Precious Log:
 CardTable entry size: 512
 CPUs: 8 total, 8 available
 Memory: 24315M
 Large Page Support: Disabled
 NUMA Support: Disabled
 Compressed Oops: Enabled (32-bit)
 Alignments: Space 512K, Generation 512K, Heap 2M
 Heap Min Capacity: 100M
 Heap Initial Capacity: 100M
 Heap Max Capacity: 1G
 Pre-touch: Disabled
 Parallel Workers: 8
Heap:
 PSYoungGen      total 6144K, used 1987K [0x00000000eab00000, 0x00000000eb380000, 0x0000000100000000)
  eden space 5632K, 28% used [0x00000000eab00000,0x00000000eac8cf58,0x00000000eb080000)
  from space 512K, 78% used [0x00000000eb280000,0x00000000eb2e4010,0x00000000eb300000)
  to   space 512K, 0% used [0x00000000eb300000,0x00000000eb300000,0x00000000eb380000)
 ParOldGen       total 417792K, used 417767K [0x00000000c0000000, 0x00000000d9800000, 0x00000000eab00000)
  object space 417792K, 99% used [0x00000000c0000000,0x00000000d97f9fb8,0x00000000d9800000)
 Metaspace       used 67562K, committed 69056K, reserved 1114112K
  class space    used 7727K, committed 8384K, reserved 1048576K
GC Heap History (20 events):
Event: 54.649 GC heap before
{Heap before GC invocations=321 (full 3):
 PSYoungGen      total 2560K, used 2348K [0x00000000eab00000, 0x00000000eb000000, 0x0000000100000000)
  eden space 2048K, 89% used [0x00000000eab00000,0x00000000eaccb388,0x00000000ead00000)
  from space 512K, 100% used [0x00000000ead00000,0x00000000ead80000,0x00000000ead80000)
  to   space 1536K, 0% used [0x00000000eae80000,0x00000000eae80000,0x00000000eb000000)
 ParOldGen       total 403968K, used 403503K [0x00000000c0000000, 0x00000000d8a80000, 0x00000000eab00000)
  object space 403968K, 99% used [0x00000000c0000000,0x00000000d8a0bdd8,0x00000000d8a80000)
 Metaspace       used 64583K, committed 65920K, reserved 1114112K
  class space    used 7346K, committed 7936K, reserved 1048576K
}
Event: 54.651 GC heap after
{Heap after GC invocations=321 (full 3):
 PSYoungGen      total 3584K, used 672K [0x00000000eab00000, 0x00000000eaf80000, 0x0000000100000000)
  eden space 2560K, 0% used [0x00000000eab00000,0x00000000eab00000,0x00000000ead80000)
  from space 1024K, 65% used [0x00000000eae80000,0x00000000eaf28000,0x00000000eaf80000)
  to   space 1024K, 0% used [0x00000000ead80000,0x00000000ead80000,0x00000000eae80000)
 ParOldGen       total 403968K, used 403879K [0x00000000c0000000, 0x00000000d8a80000, 0x00000000eab00000)
  object space 403968K, 99% used [0x00000000c0000000,0x00000000d8a69dd8,0x00000000d8a80000)
 Metaspace       used 64583K, committed 65920K, reserved 1114112K
  class space    used 7346K, committed 7936K, reserved 1048576K
}
Event: 54.672 GC heap before
{Heap before GC invocations=322 (full 3):
 PSYoungGen      total 3584K, used 3232K [0x00000000eab00000, 0x00000000eaf80000, 0x0000000100000000)
  eden space 2560K, 100% used [0x00000000eab00000,0x00000000ead80000,0x00000000ead80000)
  from space 1024K, 65% used [0x00000000eae80000,0x00000000eaf28000,0x00000000eaf80000)
  to   space 1024K, 0% used [0x00000000ead80000,0x00000000ead80000,0x00000000eae80000)
 ParOldGen       total 403968K, used 403879K [0x00000000c0000000, 0x00000000d8a80000, 0x00000000eab00000)
  object space 403968K, 99% used [0x00000000c0000000,0x00000000d8a69dd8,0x00000000d8a80000)
 Metaspace       used 64584K, committed 65920K, reserved 1114112K
  class space    used 7346K, committed 7936K, reserved 1048576K
}
Event: 54.674 GC heap after
{Heap after GC invocations=322 (full 3):
 PSYoungGen      total 3584K, used 1013K [0x00000000eab00000, 0x00000000eb580000, 0x0000000100000000)
  eden space 2560K, 0% used [0x00000000eab00000,0x00000000eab00000,0x00000000ead80000)
  from space 1024K, 98% used [0x00000000ead80000,0x00000000eae7d528,0x00000000eae80000)
  to   space 4096K, 0% used [0x00000000eb180000,0x00000000eb180000,0x00000000eb580000)
 ParOldGen       total 406528K, used 406047K [0x00000000c0000000, 0x00000000d8d00000, 0x00000000eab00000)
  object space 406528K, 99% used [0x00000000c0000000,0x00000000d8c87dd8,0x00000000d8d00000)
 Metaspace       used 64584K, committed 65920K, reserved 1114112K
  class space    used 7346K, committed 7936K, reserved 1048576K
}
Event: 54.684 GC heap before
{Heap before GC invocations=323 (full 3):
 PSYoungGen      total 3584K, used 3573K [0x00000000eab00000, 0x00000000eb580000, 0x0000000100000000)
  eden space 2560K, 100% used [0x00000000eab00000,0x00000000ead80000,0x00000000ead80000)
  from space 1024K, 98% used [0x00000000ead80000,0x00000000eae7d528,0x00000000eae80000)
  to   space 4096K, 0% used [0x00000000eb180000,0x00000000eb180000,0x00000000eb580000)
 ParOldGen       total 406528K, used 406047K [0x00000000c0000000, 0x00000000d8d00000, 0x00000000eab00000)
  object space 406528K, 99% used [0x00000000c0000000,0x00000000d8c87dd8,0x00000000d8d00000)
 Metaspace       used 64584K, committed 65920K, reserved 1114112K
  class space    used 7346K, committed 7936K, reserved 1048576K
}
Event: 54.687 GC heap after
{Heap after GC invocations=323 (full 3):
 PSYoungGen      total 6144K, used 2624K [0x00000000eab00000, 0x00000000eb480000, 0x0000000100000000)
  eden space 3072K, 0% used [0x00000000eab00000,0x00000000eab00000,0x00000000eae00000)
  from space 3072K, 85% used [0x00000000eb180000,0x00000000eb410000,0x00000000eb480000)
  to   space 3072K, 0% used [0x00000000eae80000,0x00000000eae80000,0x00000000eb180000)
 ParOldGen       total 407552K, used 407084K [0x00000000c0000000, 0x00000000d8e00000, 0x00000000eab00000)
  object space 407552K, 99% used [0x00000000c0000000,0x00000000d8d8b300,0x00000000d8e00000)
 Metaspace       used 64584K, committed 65920K, reserved 1114112K
  class space    used 7346K, committed 7936K, reserved 1048576K
}
Event: 54.700 GC heap before
{Heap before GC invocations=324 (full 3):
 PSYoungGen      total 6144K, used 5696K [0x00000000eab00000, 0x00000000eb480000, 0x0000000100000000)
  eden space 3072K, 100% used [0x00000000eab00000,0x00000000eae00000,0x00000000eae00000)
  from space 3072K, 85% used [0x00000000eb180000,0x00000000eb410000,0x00000000eb480000)
  to   space 3072K, 0% used [0x00000000eae80000,0x00000000eae80000,0x00000000eb180000)
 ParOldGen       total 407552K, used 407084K [0x00000000c0000000, 0x00000000d8e00000, 0x00000000eab00000)
  object space 407552K, 99% used [0x00000000c0000000,0x00000000d8d8b300,0x00000000d8e00000)
 Metaspace       used 64590K, committed 65920K, reserved 1114112K
  class space    used 7346K, committed 7936K, reserved 1048576K
}
Event: 54.704 GC heap after
{Heap after GC invocations=324 (full 3):
 PSYoungGen      total 6656K, used 3052K [0x00000000eab00000, 0x00000000ebc00000, 0x0000000100000000)
  eden space 3584K, 0% used [0x00000000eab00000,0x00000000eab00000,0x00000000eae80000)
  from space 3072K, 99% used [0x00000000eae80000,0x00000000eb17b110,0x00000000eb180000)
  to   space 6656K, 0% used [0x00000000eb580000,0x00000000eb580000,0x00000000ebc00000)
 ParOldGen       total 410112K, used 409708K [0x00000000c0000000, 0x00000000d9080000, 0x00000000eab00000)
  object space 410112K, 99% used [0x00000000c0000000,0x00000000d901b300,0x00000000d9080000)
 Metaspace       used 64590K, committed 65920K, reserved 1114112K
  class space    used 7346K, committed 7936K, reserved 1048576K
}
Event: 54.716 GC heap before
{Heap before GC invocations=325 (full 3):
 PSYoungGen      total 6656K, used 6636K [0x00000000eab00000, 0x00000000ebc00000, 0x0000000100000000)
  eden space 3584K, 100% used [0x00000000eab00000,0x00000000eae80000,0x00000000eae80000)
  from space 3072K, 99% used [0x00000000eae80000,0x00000000eb17b110,0x00000000eb180000)
  to   space 6656K, 0% used [0x00000000eb580000,0x00000000eb580000,0x00000000ebc00000)
 ParOldGen       total 410112K, used 409708K [0x00000000c0000000, 0x00000000d9080000, 0x00000000eab00000)
  object space 410112K, 99% used [0x00000000c0000000,0x00000000d901b300,0x00000000d9080000)
 Metaspace       used 64607K, committed 65920K, reserved 1114112K
  class space    used 7346K, committed 7936K, reserved 1048576K
}
Event: 54.720 GC heap after
{Heap after GC invocations=325 (full 3):
 PSYoungGen      total 7680K, used 2892K [0x00000000eab00000, 0x00000000eb880000, 0x0000000100000000)
  eden space 4608K, 0% used [0x00000000eab00000,0x00000000eab00000,0x00000000eaf80000)
  from space 3072K, 94% used [0x00000000eb580000,0x00000000eb8532e0,0x00000000eb880000)
  to   space 4096K, 0% used [0x00000000eb080000,0x00000000eb080000,0x00000000eb480000)
 ParOldGen       total 411648K, used 411138K [0x00000000c0000000, 0x00000000d9200000, 0x00000000eab00000)
  object space 411648K, 99% used [0x00000000c0000000,0x00000000d9180bf0,0x00000000d9200000)
 Metaspace       used 64607K, committed 65920K, reserved 1114112K
  class space    used 7346K, committed 7936K, reserved 1048576K
}
Event: 54.734 GC heap before
{Heap before GC invocations=326 (full 3):
 PSYoungGen      total 7680K, used 7386K [0x00000000eab00000, 0x00000000eb880000, 0x0000000100000000)
  eden space 4608K, 97% used [0x00000000eab00000,0x00000000eaf63720,0x00000000eaf80000)
  from space 3072K, 94% used [0x00000000eb580000,0x00000000eb8532e0,0x00000000eb880000)
  to   space 4096K, 0% used [0x00000000eb080000,0x00000000eb080000,0x00000000eb480000)
 ParOldGen       total 411648K, used 411138K [0x00000000c0000000, 0x00000000d9200000, 0x00000000eab00000)
  object space 411648K, 99% used [0x00000000c0000000,0x00000000d9180bf0,0x00000000d9200000)
 Metaspace       used 64610K, committed 65920K, reserved 1114112K
  class space    used 7347K, committed 7936K, reserved 1048576K
}
Event: 54.737 GC heap after
{Heap after GC invocations=326 (full 3):
 PSYoungGen      total 8704K, used 2774K [0x00000000eab00000, 0x00000000eb680000, 0x0000000100000000)
  eden space 5632K, 0% used [0x00000000eab00000,0x00000000eab00000,0x00000000eb080000)
  from space 3072K, 90% used [0x00000000eb080000,0x00000000eb335ba8,0x00000000eb380000)
  to   space 3072K, 0% used [0x00000000eb380000,0x00000000eb380000,0x00000000eb680000)
 ParOldGen       total 413696K, used 413657K [0x00000000c0000000, 0x00000000d9400000, 0x00000000eab00000)
  object space 413696K, 99% used [0x00000000c0000000,0x00000000d93f66e0,0x00000000d9400000)
 Metaspace       used 64610K, committed 65920K, reserved 1114112K
  class space    used 7347K, committed 7936K, reserved 1048576K
}
Event: 57.363 GC heap before
{Heap before GC invocations=327 (full 3):
 PSYoungGen      total 8704K, used 8406K [0x00000000eab00000, 0x00000000eb680000, 0x0000000100000000)
  eden space 5632K, 100% used [0x00000000eab00000,0x00000000eb080000,0x00000000eb080000)
  from space 3072K, 90% used [0x00000000eb080000,0x00000000eb335ba8,0x00000000eb380000)
  to   space 3072K, 0% used [0x00000000eb380000,0x00000000eb380000,0x00000000eb680000)
 ParOldGen       total 413696K, used 413657K [0x00000000c0000000, 0x00000000d9400000, 0x00000000eab00000)
  object space 413696K, 99% used [0x00000000c0000000,0x00000000d93f66e0,0x00000000d9400000)
 Metaspace       used 65223K, committed 66624K, reserved 1114112K
  class space    used 7438K, committed 8064K, reserved 1048576K
}
Event: 57.366 GC heap after
{Heap after GC invocations=327 (full 3):
 PSYoungGen      total 7168K, used 1226K [0x00000000eab00000, 0x00000000eb500000, 0x0000000100000000)
  eden space 5632K, 0% used [0x00000000eab00000,0x00000000eab00000,0x00000000eb080000)
  from space 1536K, 79% used [0x00000000eb380000,0x00000000eb4b2b60,0x00000000eb500000)
  to   space 2048K, 0% used [0x00000000eb100000,0x00000000eb100000,0x00000000eb300000)
 ParOldGen       total 416256K, used 416179K [0x00000000c0000000, 0x00000000d9680000, 0x00000000eab00000)
  object space 416256K, 99% used [0x00000000c0000000,0x00000000d966cd40,0x00000000d9680000)
 Metaspace       used 65223K, committed 66624K, reserved 1114112K
  class space    used 7438K, committed 8064K, reserved 1048576K
}
Event: 57.987 GC heap before
{Heap before GC invocations=328 (full 3):
 PSYoungGen      total 7168K, used 6848K [0x00000000eab00000, 0x00000000eb500000, 0x0000000100000000)
  eden space 5632K, 99% used [0x00000000eab00000,0x00000000eb07d800,0x00000000eb080000)
  from space 1536K, 79% used [0x00000000eb380000,0x00000000eb4b2b60,0x00000000eb500000)
  to   space 2048K, 0% used [0x00000000eb100000,0x00000000eb100000,0x00000000eb300000)
 ParOldGen       total 416256K, used 416179K [0x00000000c0000000, 0x00000000d9680000, 0x00000000eab00000)
  object space 416256K, 99% used [0x00000000c0000000,0x00000000d966cd40,0x00000000d9680000)
 Metaspace       used 66226K, committed 67584K, reserved 1114112K
  class space    used 7559K, committed 8192K, reserved 1048576K
}
Event: 57.989 GC heap after
{Heap after GC invocations=328 (full 3):
 PSYoungGen      total 7680K, used 576K [0x00000000eab00000, 0x00000000eb400000, 0x0000000100000000)
  eden space 5632K, 0% used [0x00000000eab00000,0x00000000eab00000,0x00000000eb080000)
  from space 2048K, 28% used [0x00000000eb100000,0x00000000eb190030,0x00000000eb300000)
  to   space 1024K, 0% used [0x00000000eb300000,0x00000000eb300000,0x00000000eb400000)
 ParOldGen       total 417792K, used 417327K [0x00000000c0000000, 0x00000000d9800000, 0x00000000eab00000)
  object space 417792K, 99% used [0x00000000c0000000,0x00000000d978bf88,0x00000000d9800000)
 Metaspace       used 66226K, committed 67584K, reserved 1114112K
  class space    used 7559K, committed 8192K, reserved 1048576K
}
Event: 58.708 GC heap before
{Heap before GC invocations=329 (full 3):
 PSYoungGen      total 7680K, used 6208K [0x00000000eab00000, 0x00000000eb400000, 0x0000000100000000)
  eden space 5632K, 100% used [0x00000000eab00000,0x00000000eb080000,0x00000000eb080000)
  from space 2048K, 28% used [0x00000000eb100000,0x00000000eb190030,0x00000000eb300000)
  to   space 1024K, 0% used [0x00000000eb300000,0x00000000eb300000,0x00000000eb400000)
 ParOldGen       total 417792K, used 417327K [0x00000000c0000000, 0x00000000d9800000, 0x00000000eab00000)
  object space 417792K, 99% used [0x00000000c0000000,0x00000000d978bf88,0x00000000d9800000)
 Metaspace       used 66708K, committed 68096K, reserved 1114112K
  class space    used 7625K, committed 8256K, reserved 1048576K
}
Event: 58.710 GC heap after
{Heap after GC invocations=329 (full 3):
 PSYoungGen      total 6144K, used 336K [0x00000000eab00000, 0x00000000eb380000, 0x0000000100000000)
  eden space 5632K, 0% used [0x00000000eab00000,0x00000000eab00000,0x00000000eb080000)
  from space 512K, 65% used [0x00000000eb300000,0x00000000eb354010,0x00000000eb380000)
  to   space 512K, 0% used [0x00000000eb280000,0x00000000eb280000,0x00000000eb300000)
 ParOldGen       total 417792K, used 417599K [0x00000000c0000000, 0x00000000d9800000, 0x00000000eab00000)
  object space 417792K, 99% used [0x00000000c0000000,0x00000000d97cff88,0x00000000d9800000)
 Metaspace       used 66708K, committed 68096K, reserved 1114112K
  class space    used 7625K, committed 8256K, reserved 1048576K
}
Event: 304.135 GC heap before
{Heap before GC invocations=330 (full 3):
 PSYoungGen      total 6144K, used 5968K [0x00000000eab00000, 0x00000000eb380000, 0x0000000100000000)
  eden space 5632K, 100% used [0x00000000eab00000,0x00000000eb080000,0x00000000eb080000)
  from space 512K, 65% used [0x00000000eb300000,0x00000000eb354010,0x00000000eb380000)
  to   space 512K, 0% used [0x00000000eb280000,0x00000000eb280000,0x00000000eb300000)
 ParOldGen       total 417792K, used 417599K [0x00000000c0000000, 0x00000000d9800000, 0x00000000eab00000)
  object space 417792K, 99% used [0x00000000c0000000,0x00000000d97cff88,0x00000000d9800000)
 Metaspace       used 67339K, committed 68800K, reserved 1114112K
  class space    used 7701K, committed 8320K, reserved 1048576K
}
Event: 304.138 GC heap after
{Heap after GC invocations=330 (full 3):
 PSYoungGen      total 6144K, used 400K [0x00000000eab00000, 0x00000000eb380000, 0x0000000100000000)
  eden space 5632K, 0% used [0x00000000eab00000,0x00000000eab00000,0x00000000eb080000)
  from space 512K, 78% used [0x00000000eb280000,0x00000000eb2e4010,0x00000000eb300000)
  to   space 512K, 0% used [0x00000000eb300000,0x00000000eb300000,0x00000000eb380000)
 ParOldGen       total 417792K, used 417767K [0x00000000c0000000, 0x00000000d9800000, 0x00000000eab00000)
  object space 417792K, 99% used [0x00000000c0000000,0x00000000d97f9fb8,0x00000000d9800000)
 Metaspace       used 67339K, committed 68800K, reserved 1114112K
  class space    used 7701K, committed 8320K, reserved 1048576K
}

