# JRE version: OpenJDK Runtime Environment Temurin-21.0.7+6 (21.0.7+6) (build 21.0.7+6-LTS)
# Java VM: OpenJDK 64-Bit Server VM Temurin-21.0.7+6 (21.0.7+6-LTS, mixed mode, sharing, tiered, compressed oops, compressed class ptrs, parallel gc, windows-amd64)
GC Precious Log:
 CardTable entry size: 512
 CPUs: 8 total, 8 available
 Memory: 24315M
 Large Page Support: Disabled
 NUMA Support: Disabled
 Compressed Oops: Enabled (32-bit)
 Alignments: Space 512K, Generation 512K, Heap 2M
 Heap Min Capacity: 100M
 Heap Initial Capacity: 100M
 Heap Max Capacity: 2G
 Pre-touch: Disabled
 Parallel Workers: 8
Heap:
 PSYoungGen      total 20992K, used 20692K [0x00000000d5580000, 0x00000000d7100000, 0x0000000100000000)
  eden space 17408K, 100% used [0x00000000d5580000,0x00000000d6680000,0x00000000d6680000)
  from space 3584K, 91% used [0x00000000d6d80000,0x00000000d70b5228,0x00000000d7100000)
  to   space 3584K, 23% used [0x00000000d6a00000,0x00000000d6ad1290,0x00000000d6d80000)
 ParOldGen       total 72192K, used 72187K [0x0000000080000000, 0x0000000084680000, 0x00000000d5580000)
  object space 72192K, 99% used [0x0000000080000000,0x000000008467ece0,0x0000000084680000)
 Metaspace       used 59457K, committed 60736K, reserved 1114112K
  class space    used 6496K, committed 7040K, reserved 1048576K
GC Heap History (20 events):
Event: 22.111 GC heap after
{Heap after GC invocations=36 (full 2):
 PSYoungGen      total 19456K, used 1876K [0x00000000d5580000, 0x00000000d6b80000, 0x0000000100000000)
  eden space 17408K, 0% used [0x00000000d5580000,0x00000000d5580000,0x00000000d6680000)
  from space 2048K, 91% used [0x00000000d6980000,0x00000000d6b55158,0x00000000d6b80000)
  to   space 2560K, 0% used [0x00000000d6680000,0x00000000d6680000,0x00000000d6900000)
 ParOldGen       total 68608K, used 46971K [0x0000000080000000, 0x0000000084300000, 0x00000000d5580000)
  object space 68608K, 68% used [0x0000000080000000,0x0000000082ddec18,0x0000000084300000)
 Metaspace       used 57113K, committed 58368K, reserved 1114112K
  class space    used 6115K, committed 6656K, reserved 1048576K
}
Event: 23.177 GC heap before
{Heap before GC invocations=37 (full 2):
 PSYoungGen      total 19456K, used 19284K [0x00000000d5580000, 0x00000000d6b80000, 0x0000000100000000)
  eden space 17408K, 100% used [0x00000000d5580000,0x00000000d6680000,0x00000000d6680000)
  from space 2048K, 91% used [0x00000000d6980000,0x00000000d6b55158,0x00000000d6b80000)
  to   space 2560K, 0% used [0x00000000d6680000,0x00000000d6680000,0x00000000d6900000)
 ParOldGen       total 68608K, used 46971K [0x0000000080000000, 0x0000000084300000, 0x00000000d5580000)
  object space 68608K, 68% used [0x0000000080000000,0x0000000082ddec18,0x0000000084300000)
 Metaspace       used 57644K, committed 58880K, reserved 1114112K
  class space    used 6213K, committed 6784K, reserved 1048576K
}
Event: 23.182 GC heap after
{Heap after GC invocations=37 (full 2):
 PSYoungGen      total 19968K, used 2554K [0x00000000d5580000, 0x00000000d7e80000, 0x0000000100000000)
  eden space 17408K, 0% used [0x00000000d5580000,0x00000000d5580000,0x00000000d6680000)
  from space 2560K, 99% used [0x00000000d6680000,0x00000000d68fe9c8,0x00000000d6900000)
  to   space 12288K, 0% used [0x00000000d7280000,0x00000000d7280000,0x00000000d7e80000)
 ParOldGen       total 68608K, used 55150K [0x0000000080000000, 0x0000000084300000, 0x00000000d5580000)
  object space 68608K, 80% used [0x0000000080000000,0x00000000835dba90,0x0000000084300000)
 Metaspace       used 57644K, committed 58880K, reserved 1114112K
  class space    used 6213K, committed 6784K, reserved 1048576K
}
Event: 23.766 GC heap before
{Heap before GC invocations=38 (full 2):
 PSYoungGen      total 19968K, used 19962K [0x00000000d5580000, 0x00000000d7e80000, 0x0000000100000000)
  eden space 17408K, 100% used [0x00000000d5580000,0x00000000d6680000,0x00000000d6680000)
  from space 2560K, 99% used [0x00000000d6680000,0x00000000d68fe9c8,0x00000000d6900000)
  to   space 12288K, 0% used [0x00000000d7280000,0x00000000d7280000,0x00000000d7e80000)
 ParOldGen       total 68608K, used 55150K [0x0000000080000000, 0x0000000084300000, 0x00000000d5580000)
  object space 68608K, 80% used [0x0000000080000000,0x00000000835dba90,0x0000000084300000)
 Metaspace       used 58941K, committed 60160K, reserved 1114112K
  class space    used 6434K, committed 6976K, reserved 1048576K
}
Event: 23.768 GC heap after
{Heap after GC invocations=38 (full 2):
 PSYoungGen      total 18944K, used 1441K [0x00000000d5580000, 0x00000000d7400000, 0x0000000100000000)
  eden space 17408K, 0% used [0x00000000d5580000,0x00000000d5580000,0x00000000d6680000)
  from space 1536K, 93% used [0x00000000d7280000,0x00000000d73e8770,0x00000000d7400000)
  to   space 5120K, 0% used [0x00000000d6a00000,0x00000000d6a00000,0x00000000d6f00000)
 ParOldGen       total 68608K, used 57679K [0x0000000080000000, 0x0000000084300000, 0x00000000d5580000)
  object space 68608K, 84% used [0x0000000080000000,0x0000000083853e18,0x0000000084300000)
 Metaspace       used 58941K, committed 60160K, reserved 1114112K
  class space    used 6434K, committed 6976K, reserved 1048576K
}
Event: 24.058 GC heap before
{Heap before GC invocations=39 (full 2):
 PSYoungGen      total 18944K, used 7936K [0x00000000d5580000, 0x00000000d7400000, 0x0000000100000000)
  eden space 17408K, 37% used [0x00000000d5580000,0x00000000d5bd7c60,0x00000000d6680000)
  from space 1536K, 93% used [0x00000000d7280000,0x00000000d73e8770,0x00000000d7400000)
  to   space 5120K, 0% used [0x00000000d6a00000,0x00000000d6a00000,0x00000000d6f00000)
 ParOldGen       total 68608K, used 57679K [0x0000000080000000, 0x0000000084300000, 0x00000000d5580000)
  object space 68608K, 84% used [0x0000000080000000,0x0000000083853e18,0x0000000084300000)
 Metaspace       used 59037K, committed 60288K, reserved 1114112K
  class space    used 6445K, committed 6976K, reserved 1048576K
}
Event: 24.061 GC heap after
{Heap after GC invocations=39 (full 2):
 PSYoungGen      total 22528K, used 800K [0x00000000d5580000, 0x00000000d7300000, 0x0000000100000000)
  eden space 17408K, 0% used [0x00000000d5580000,0x00000000d5580000,0x00000000d6680000)
  from space 5120K, 15% used [0x00000000d6a00000,0x00000000d6ac8000,0x00000000d6f00000)
  to   space 2048K, 0% used [0x00000000d7100000,0x00000000d7100000,0x00000000d7300000)
 ParOldGen       total 68608K, used 59041K [0x0000000080000000, 0x0000000084300000, 0x00000000d5580000)
  object space 68608K, 86% used [0x0000000080000000,0x00000000839a8760,0x0000000084300000)
 Metaspace       used 59037K, committed 60288K, reserved 1114112K
  class space    used 6445K, committed 6976K, reserved 1048576K
}
Event: 24.061 GC heap before
{Heap before GC invocations=40 (full 3):
 PSYoungGen      total 22528K, used 800K [0x00000000d5580000, 0x00000000d7300000, 0x0000000100000000)
  eden space 17408K, 0% used [0x00000000d5580000,0x00000000d5580000,0x00000000d6680000)
  from space 5120K, 15% used [0x00000000d6a00000,0x00000000d6ac8000,0x00000000d6f00000)
  to   space 2048K, 0% used [0x00000000d7100000,0x00000000d7100000,0x00000000d7300000)
 ParOldGen       total 68608K, used 59041K [0x0000000080000000, 0x0000000084300000, 0x00000000d5580000)
  object space 68608K, 86% used [0x0000000080000000,0x00000000839a8760,0x0000000084300000)
 Metaspace       used 59037K, committed 60288K, reserved 1114112K
  class space    used 6445K, committed 6976K, reserved 1048576K
}
Event: 24.153 GC heap after
{Heap after GC invocations=40 (full 3):
 PSYoungGen      total 22528K, used 0K [0x00000000d5580000, 0x00000000d7300000, 0x0000000100000000)
  eden space 17408K, 0% used [0x00000000d5580000,0x00000000d5580000,0x00000000d6680000)
  from space 5120K, 0% used [0x00000000d6a00000,0x00000000d6a00000,0x00000000d6f00000)
  to   space 2048K, 0% used [0x00000000d7100000,0x00000000d7100000,0x00000000d7300000)
 ParOldGen       total 68608K, used 54241K [0x0000000080000000, 0x0000000084300000, 0x00000000d5580000)
  object space 68608K, 79% used [0x0000000080000000,0x00000000834f8750,0x0000000084300000)
 Metaspace       used 59037K, committed 60288K, reserved 1114112K
  class space    used 6445K, committed 6976K, reserved 1048576K
}
Event: 24.683 GC heap before
{Heap before GC invocations=41 (full 3):
 PSYoungGen      total 22528K, used 17408K [0x00000000d5580000, 0x00000000d7300000, 0x0000000100000000)
  eden space 17408K, 100% used [0x00000000d5580000,0x00000000d6680000,0x00000000d6680000)
  from space 5120K, 0% used [0x00000000d6a00000,0x00000000d6a00000,0x00000000d6f00000)
  to   space 2048K, 0% used [0x00000000d7100000,0x00000000d7100000,0x00000000d7300000)
 ParOldGen       total 68608K, used 54241K [0x0000000080000000, 0x0000000084300000, 0x00000000d5580000)
  object space 68608K, 79% used [0x0000000080000000,0x00000000834f8750,0x0000000084300000)
 Metaspace       used 59429K, committed 60736K, reserved 1114112K
  class space    used 6495K, committed 7040K, reserved 1048576K
}
Event: 24.684 GC heap after
{Heap after GC invocations=41 (full 3):
 PSYoungGen      total 18944K, used 1408K [0x00000000d5580000, 0x00000000d7280000, 0x0000000100000000)
  eden space 17408K, 0% used [0x00000000d5580000,0x00000000d5580000,0x00000000d6680000)
  from space 1536K, 91% used [0x00000000d7100000,0x00000000d7260000,0x00000000d7280000)
  to   space 2048K, 0% used [0x00000000d6e80000,0x00000000d6e80000,0x00000000d7080000)
 ParOldGen       total 68608K, used 54249K [0x0000000080000000, 0x0000000084300000, 0x00000000d5580000)
  object space 68608K, 79% used [0x0000000080000000,0x00000000834fa750,0x0000000084300000)
 Metaspace       used 59429K, committed 60736K, reserved 1114112K
  class space    used 6495K, committed 7040K, reserved 1048576K
}
Event: 24.839 GC heap before
{Heap before GC invocations=42 (full 3):
 PSYoungGen      total 18944K, used 18814K [0x00000000d5580000, 0x00000000d7280000, 0x0000000100000000)
  eden space 17408K, 99% used [0x00000000d5580000,0x00000000d667faa0,0x00000000d6680000)
  from space 1536K, 91% used [0x00000000d7100000,0x00000000d7260000,0x00000000d7280000)
  to   space 2048K, 0% used [0x00000000d6e80000,0x00000000d6e80000,0x00000000d7080000)
 ParOldGen       total 68608K, used 54249K [0x0000000080000000, 0x0000000084300000, 0x00000000d5580000)
  object space 68608K, 79% used [0x0000000080000000,0x00000000834fa750,0x0000000084300000)
 Metaspace       used 59444K, committed 60736K, reserved 1114112K
  class space    used 6496K, committed 7040K, reserved 1048576K
}
Event: 24.841 GC heap after
{Heap after GC invocations=42 (full 3):
 PSYoungGen      total 19456K, used 2045K [0x00000000d5580000, 0x00000000d7180000, 0x0000000100000000)
  eden space 17408K, 0% used [0x00000000d5580000,0x00000000d5580000,0x00000000d6680000)
  from space 2048K, 99% used [0x00000000d6e80000,0x00000000d707f678,0x00000000d7080000)
  to   space 1024K, 0% used [0x00000000d7080000,0x00000000d7080000,0x00000000d7180000)
 ParOldGen       total 68608K, used 56832K [0x0000000080000000, 0x0000000084300000, 0x00000000d5580000)
  object space 68608K, 82% used [0x0000000080000000,0x00000000837802f8,0x0000000084300000)
 Metaspace       used 59444K, committed 60736K, reserved 1114112K
  class space    used 6496K, committed 7040K, reserved 1048576K
}
Event: 25.217 GC heap before
{Heap before GC invocations=43 (full 3):
 PSYoungGen      total 19456K, used 19081K [0x00000000d5580000, 0x00000000d7180000, 0x0000000100000000)
  eden space 17408K, 97% used [0x00000000d5580000,0x00000000d6622f38,0x00000000d6680000)
  from space 2048K, 99% used [0x00000000d6e80000,0x00000000d707f678,0x00000000d7080000)
  to   space 1024K, 0% used [0x00000000d7080000,0x00000000d7080000,0x00000000d7180000)
 ParOldGen       total 68608K, used 56832K [0x0000000080000000, 0x0000000084300000, 0x00000000d5580000)
  object space 68608K, 82% used [0x0000000080000000,0x00000000837802f8,0x0000000084300000)
 Metaspace       used 59447K, committed 60736K, reserved 1114112K
  class space    used 6496K, committed 7040K, reserved 1048576K
}
Event: 25.219 GC heap after
{Heap after GC invocations=43 (full 3):
 PSYoungGen      total 18432K, used 998K [0x00000000d5580000, 0x00000000d7180000, 0x0000000100000000)
  eden space 17408K, 0% used [0x00000000d5580000,0x00000000d5580000,0x00000000d6680000)
  from space 1024K, 97% used [0x00000000d7080000,0x00000000d7179ad0,0x00000000d7180000)
  to   space 5120K, 0% used [0x00000000d6780000,0x00000000d6780000,0x00000000d6c80000)
 ParOldGen       total 68608K, used 60517K [0x0000000080000000, 0x0000000084300000, 0x00000000d5580000)
  object space 68608K, 88% used [0x0000000080000000,0x0000000083b19418,0x0000000084300000)
 Metaspace       used 59447K, committed 60736K, reserved 1114112K
  class space    used 6496K, committed 7040K, reserved 1048576K
}
Event: 25.652 GC heap before
{Heap before GC invocations=44 (full 3):
 PSYoungGen      total 18432K, used 18406K [0x00000000d5580000, 0x00000000d7180000, 0x0000000100000000)
  eden space 17408K, 100% used [0x00000000d5580000,0x00000000d6680000,0x00000000d6680000)
  from space 1024K, 97% used [0x00000000d7080000,0x00000000d7179ad0,0x00000000d7180000)
  to   space 5120K, 0% used [0x00000000d6780000,0x00000000d6780000,0x00000000d6c80000)
 ParOldGen       total 68608K, used 60517K [0x0000000080000000, 0x0000000084300000, 0x00000000d5580000)
  object space 68608K, 88% used [0x0000000080000000,0x0000000083b19418,0x0000000084300000)
 Metaspace       used 59451K, committed 60736K, reserved 1114112K
  class space    used 6496K, committed 7040K, reserved 1048576K
}
Event: 25.655 GC heap after
{Heap after GC invocations=44 (full 3):
 PSYoungGen      total 22528K, used 2722K [0x00000000d5580000, 0x00000000d7100000, 0x0000000100000000)
  eden space 17408K, 0% used [0x00000000d5580000,0x00000000d5580000,0x00000000d6680000)
  from space 5120K, 53% used [0x00000000d6780000,0x00000000d6a28b48,0x00000000d6c80000)
  to   space 3584K, 0% used [0x00000000d6d80000,0x00000000d6d80000,0x00000000d7100000)
 ParOldGen       total 68608K, used 61514K [0x0000000080000000, 0x0000000084300000, 0x00000000d5580000)
  object space 68608K, 89% used [0x0000000080000000,0x0000000083c128e0,0x0000000084300000)
 Metaspace       used 59451K, committed 60736K, reserved 1114112K
  class space    used 6496K, committed 7040K, reserved 1048576K
}
Event: 27.047 GC heap before
{Heap before GC invocations=45 (full 3):
 PSYoungGen      total 22528K, used 20130K [0x00000000d5580000, 0x00000000d7100000, 0x0000000100000000)
  eden space 17408K, 100% used [0x00000000d5580000,0x00000000d6680000,0x00000000d6680000)
  from space 5120K, 53% used [0x00000000d6780000,0x00000000d6a28b48,0x00000000d6c80000)
  to   space 3584K, 0% used [0x00000000d6d80000,0x00000000d6d80000,0x00000000d7100000)
 ParOldGen       total 69632K, used 69121K [0x0000000080000000, 0x0000000084400000, 0x00000000d5580000)
  object space 69632K, 99% used [0x0000000080000000,0x00000000843806e0,0x0000000084400000)
 Metaspace       used 59452K, committed 60736K, reserved 1114112K
  class space    used 6496K, committed 7040K, reserved 1048576K
}
Event: 27.051 GC heap after
{Heap after GC invocations=45 (full 3):
 PSYoungGen      total 20992K, used 3284K [0x00000000d5580000, 0x00000000d7100000, 0x0000000100000000)
  eden space 17408K, 0% used [0x00000000d5580000,0x00000000d5580000,0x00000000d6680000)
  from space 3584K, 91% used [0x00000000d6d80000,0x00000000d70b5228,0x00000000d7100000)
  to   space 3584K, 0% used [0x00000000d6a00000,0x00000000d6a00000,0x00000000d6d80000)
 ParOldGen       total 71680K, used 71637K [0x0000000080000000, 0x0000000084600000, 0x00000000d5580000)
  object space 71680K, 99% used [0x0000000080000000,0x00000000845f5530,0x0000000084600000)
 Metaspace       used 59452K, committed 60736K, reserved 1114112K
  class space    used 6496K, committed 7040K, reserved 1048576K
}
Event: 28.126 GC heap before
{Heap before GC invocations=46 (full 3):
 PSYoungGen      total 20992K, used 20692K [0x00000000d5580000, 0x00000000d7100000, 0x0000000100000000)
  eden space 17408K, 100% used [0x00000000d5580000,0x00000000d6680000,0x00000000d6680000)
  from space 3584K, 91% used [0x00000000d6d80000,0x00000000d70b5228,0x00000000d7100000)
  to   space 3584K, 0% used [0x00000000d6a00000,0x00000000d6a00000,0x00000000d6d80000)
 ParOldGen       total 71680K, used 71643K [0x0000000080000000, 0x0000000084600000, 0x00000000d5580000)
  object space 71680K, 99% used [0x0000000080000000,0x00000000845f6d50,0x0000000084600000)
 Metaspace       used 59457K, committed 60736K, reserved 1114112K
  class space    used 6496K, committed 7040K, reserved 1048576K
}

